# JRE version: Java(TM) SE Runtime Environment (8.0_65-b17) (build 1.8.0_65-b17)
# Java VM: Java HotSpot(TM) 64-Bit Server VM (25.65-b01 mixed mode windows-amd64 compressed oops)
Heap:
 PSYoungGen      total 50688K, used 28765K [0x000000076c300000, 0x000000076f980000, 0x00000007c0000000)
  eden space 46592K, 57% used [0x000000076c300000,0x000000076dd494f0,0x000000076f080000)
  from space 4096K, 45% used [0x000000076f580000,0x000000076f74e058,0x000000076f980000)
  to   space 4608K, 0% used [0x000000076f080000,0x000000076f080000,0x000000076f500000)
 ParOldGen       total 172032K, used 22559K [0x00000006c4800000, 0x00000006cf000000, 0x000000076c300000)
  object space 172032K, 13% used [0x00000006c4800000,0x00000006c5e07f68,0x00000006cf000000)
 Metaspace       used 11772K, capacity 13482K, committed 13696K, reserved 1060864K
  class space    used 1404K, capacity 1566K, committed 1664K, reserved 1048576K
GC Heap History (10 events):
Event: 165.763 GC heap before
{Heap before GC invocations=27 (full 5):
 PSYoungGen      total 52736K, used 52400K [0x000000076c300000, 0x0000000770000000, 0x00000007c0000000)
  eden space 51200K, 100% used [0x000000076c300000,0x000000076f500000,0x000000076f500000)
  from space 1536K, 78% used [0x000000076f600000,0x000000076f72c0d0,0x000000076f780000)
  to   space 5632K, 0% used [0x000000076fa80000,0x000000076fa80000,0x0000000770000000)
 ParOldGen       total 172032K, used 15855K [0x00000006c4800000, 0x00000006cf000000, 0x000000076c300000)
  object space 172032K, 9% used [0x00000006c4800000,0x00000006c577bdb0,0x00000006cf000000)
 Metaspace       used 11377K, capacity 12808K, committed 13056K, reserved 1060864K
  class space    used 1330K, capacity 1476K, committed 1536K, reserved 1048576K
Event: 165.783 GC heap after
Heap after GC invocations=27 (full 5):
 PSYoungGen      total 53760K, used 1992K [0x000000076c300000, 0x000000076fe00000, 0x00000007c0000000)
  eden space 50176K, 0% used [0x000000076c300000,0x000000076c300000,0x000000076f400000)
  from space 3584K, 55% used [0x000000076fa80000,0x000000076fc72128,0x000000076fe00000)
  to   space 5120K, 0% used [0x000000076f400000,0x000000076f400000,0x000000076f900000)
 ParOldGen       total 172032K, used 16535K [0x00000006c4800000, 0x00000006cf000000, 0x000000076c300000)
  object space 172032K, 9% used [0x00000006c4800000,0x00000006c5825db0,0x00000006cf000000)
 Metaspace       used 11377K, capacity 12808K, committed 13056K, reserved 1060864K
  class space    used 1330K, capacity 1476K, committed 1536K, reserved 1048576K
}
Event: 173.450 GC heap before
{Heap before GC invocations=28 (full 5):
 PSYoungGen      total 53760K, used 52168K [0x000000076c300000, 0x000000076fe00000, 0x00000007c0000000)
  eden space 50176K, 100% used [0x000000076c300000,0x000000076f400000,0x000000076f400000)
  from space 3584K, 55% used [0x000000076fa80000,0x000000076fc72128,0x000000076fe00000)
  to   space 5120K, 0% used [0x000000076f400000,0x000000076f400000,0x000000076f900000)
 ParOldGen       total 172032K, used 16535K [0x00000006c4800000, 0x00000006cf000000, 0x000000076c300000)
  object space 172032K, 9% used [0x00000006c4800000,0x00000006c5825db0,0x00000006cf000000)
 Metaspace       used 11459K, capacity 12930K, committed 13056K, reserved 1060864K
  class space    used 1344K, capacity 1494K, committed 1536K, reserved 1048576K
Event: 173.454 GC heap after
Heap after GC invocations=28 (full 5):
 PSYoungGen      total 51200K, used 1992K [0x000000076c300000, 0x000000076fd00000, 0x00000007c0000000)
  eden space 49152K, 0% used [0x000000076c300000,0x000000076c300000,0x000000076f300000)
  from space 2048K, 97% used [0x000000076f400000,0x000000076f5f2128,0x000000076f600000)
  to   space 5120K, 0% used [0x000000076f800000,0x000000076f800000,0x000000076fd00000)
 ParOldGen       total 172032K, used 18095K [0x00000006c4800000, 0x00000006cf000000, 0x000000076c300000)
  object space 172032K, 10% used [0x00000006c4800000,0x00000006c59abe08,0x00000006cf000000)
 Metaspace       used 11459K, capacity 12930K, committed 13056K, reserved 1060864K
  class space    used 1344K, capacity 1494K, committed 1536K, reserved 1048576K
}
Event: 181.430 GC heap before
{Heap before GC invocations=29 (full 5):
 PSYoungGen      total 51200K, used 51144K [0x000000076c300000, 0x000000076fd00000, 0x00000007c0000000)
  eden space 49152K, 100% used [0x000000076c300000,0x000000076f300000,0x000000076f300000)
  from space 2048K, 97% used [0x000000076f400000,0x000000076f5f2128,0x000000076f600000)
  to   space 5120K, 0% used [0x000000076f800000,0x000000076f800000,0x000000076fd00000)
 ParOldGen       total 172032K, used 18095K [0x00000006c4800000, 0x00000006cf000000, 0x000000076c300000)
  object space 172032K, 10% used [0x00000006c4800000,0x00000006c59abe08,0x00000006cf000000)
 Metaspace       used 11570K, capacity 13186K, committed 13312K, reserved 1060864K
  class space    used 1360K, capacity 1514K, committed 1536K, reserved 1048576K
Event: 181.454 GC heap after
Heap after GC invocations=29 (full 5):
 PSYoungGen      total 51200K, used 1960K [0x000000076c300000, 0x000000076fb00000, 0x00000007c0000000)
  eden space 48128K, 0% used [0x000000076c300000,0x000000076c300000,0x000000076f200000)
  from space 3072K, 63% used [0x000000076f800000,0x000000076f9ea128,0x000000076fb00000)
  to   space 4608K, 0% used [0x000000076f200000,0x000000076f200000,0x000000076f680000)
 ParOldGen       total 172032K, used 19599K [0x00000006c4800000, 0x00000006cf000000, 0x000000076c300000)
  object space 172032K, 11% used [0x00000006c4800000,0x00000006c5b23eb8,0x00000006cf000000)
 Metaspace       used 11570K, capacity 13186K, committed 13312K, reserved 1060864K
  class space    used 1360K, capacity 1514K, committed 1536K, reserved 1048576K
}
Event: 188.246 GC heap before
{Heap before GC invocations=30 (full 5):
 PSYoungGen      total 51200K, used 50088K [0x000000076c300000, 0x000000076fb00000, 0x00000007c0000000)
  eden space 48128K, 100% used [0x000000076c300000,0x000000076f200000,0x000000076f200000)
  from space 3072K, 63% used [0x000000076f800000,0x000000076f9ea128,0x000000076fb00000)
  to   space 4608K, 0% used [0x000000076f200000,0x000000076f200000,0x000000076f680000)
 ParOldGen       total 172032K, used 19599K [0x00000006c4800000, 0x00000006cf000000, 0x000000076c300000)
  object space 172032K, 11% used [0x00000006c4800000,0x00000006c5b23eb8,0x00000006cf000000)
 Metaspace       used 11652K, capacity 13314K, committed 13568K, reserved 1060864K
  class space    used 1375K, capacity 1534K, committed 1536K, reserved 1048576K
Event: 188.250 GC heap after
Heap after GC invocations=30 (full 5):
 PSYoungGen      total 49152K, used 1808K [0x000000076c300000, 0x000000076fa00000, 0x00000007c0000000)
  eden space 47104K, 0% used [0x000000076c300000,0x000000076c300000,0x000000076f100000)
  from space 2048K, 88% used [0x000000076f200000,0x000000076f3c40d0,0x000000076f400000)
  to   space 4608K, 0% used [0x000000076f580000,0x000000076f580000,0x000000076fa00000)
 ParOldGen       total 172032K, used 21087K [0x00000006c4800000, 0x00000006cf000000, 0x000000076c300000)
  object space 172032K, 12% used [0x00000006c4800000,0x00000006c5c97f10,0x00000006cf000000)
 Metaspace       used 11652K, capacity 13314K, committed 13568K, reserved 1060864K
  class space    used 1375K, capacity 1534K, committed 1536K, reserved 1048576K
}
Event: 196.323 GC heap before
{Heap before GC invocations=31 (full 5):
 PSYoungGen      total 49152K, used 48912K [0x000000076c300000, 0x000000076fa00000, 0x00000007c0000000)
  eden space 47104K, 100% used [0x000000076c300000,0x000000076f100000,0x000000076f100000)
  from space 2048K, 88% used [0x000000076f200000,0x000000076f3c40d0,0x000000076f400000)
  to   space 4608K, 0% used [0x000000076f580000,0x000000076f580000,0x000000076fa00000)
 ParOldGen       total 172032K, used 21087K [0x00000006c4800000, 0x00000006cf000000, 0x000000076c300000)
  object space 172032K, 12% used [0x00000006c4800000,0x00000006c5c97f10,0x00000006cf000000)
 Metaspace       used 11739K, capacity 13442K, committed 13696K, reserved 1060864K
  class space    used 1393K, capacity 1554K, committed 1664K, reserved 1048576K
Event: 196.334 GC heap after
Heap after GC invocations=31 (full 5):
 PSYoungGen      total 50688K, used 1848K [0x000000076c300000, 0x000000076f980000, 0x00000007c0000000)
  eden space 46592K, 0% used [0x000000076c300000,0x000000076c300000,0x000000076f080000)
  from space 4096K, 45% used [0x000000076f580000,0x000000076f74e058,0x000000076f980000)
  to   space 4608K, 0% used [0x000000076f080000,0x000000076f080000,0x000000076f500000)
 ParOldGen       total 172032K, used 22559K [0x00000006c4800000, 0x00000006cf000000, 0x000000076c300000)
  object space 172032K, 13% used [0x00000006c4800000,0x00000006c5e07f68,0x00000006cf000000)
 Metaspace       used 11739K, capacity 13442K, committed 13696K, reserved 1060864K
  class space    used 1393K, capacity 1554K, committed 1664K, reserved 1048576K
}

